<?xml version="1.0" encoding="UTF-8"?>
<!-- Generated by org.testng.reporters.JUnitXMLReporter -->
<testsuite hostname="jajit-z01" ignored="0" name="Default test" tests="5" failures="0" timestamp="2022-03-01T11:52:13 IST" time="12.433" errors="0">
  <testcase name="testSingleContent" time="9.463" classname="restassuredTests.Demo6_BasicValidations_XML"/>
  <testcase name="testMultipleContent" time="0.877" classname="restassuredTests.Demo6_BasicValidations_XML"/>
  <testcase name="testMultipleContentInOneGo" time="0.683" classname="restassuredTests.Demo6_BasicValidations_XML"/>
  <testcase name="testUsingXpath1" time="0.722" classname="restassuredTests.Demo6_BasicValidations_XML"/>
  <testcase name="testUsingXpath2" time="0.599" classname="restassuredTests.Demo6_BasicValidations_XML"/>
</testsuite> <!-- Default test -->
